<?xml version="1.0" encoding="UTF-8"?>
<!-- Generated by org.testng.reporters.JUnitXMLReporter -->
<testsuite ignored="0" hostname="DESKTOP-GRE8QJG" failures="1" tests="1" name="Test2" time="12.155" errors="0" timestamp="2022-02-15T11:19:53 IST">
  <testcase classname="e2EProject.HomePageTestCase" name="pageinvok" time="11.772">
    <failure type="java.lang.AssertionError" message="expected [true] but found [false]">
      <![CDATA[java.lang.AssertionError: expected [true] but found [false]
at e2EProject.HomePageTestCase.pageinvok(HomePageTestCase.java:42)
at java.base/java.util.ArrayList.forEach(ArrayList.java:1511)
... Removed 31 stack frames]]>
    </failure>
  </testcase> <!-- pageinvok -->
</testsuite> <!-- Test2 -->
